[16:33:10] [main/INFO] [GradleStart]: No arguments specified, assuming client.
[16:33:10] [main/INFO] [GradleStart]: Extra: []
[16:33:10] [main/INFO] [GradleStart]: Setting up virtual assets in: C:\Users\Gonçalo\.gradle\caches\minecraft\assets\virtual\legacy
[16:33:13] [main/INFO] [GradleStart]:   .lastused: REMOVED
[16:33:13] [main/INFO] [GradleStart]: Running with arguments: [--userProperties, {}, --assetsDir, C:\Users\Gonçalo\.gradle\caches\minecraft\assets\virtual\legacy, --assetIndex, legacy, --accessToken, {REDACTED}, --version, 1.7.2, --tweakClass, cpw.mods.fml.common.launcher.FMLTweaker, --username, ForgeDevName]
[16:33:14] [main/INFO] [LaunchWrapper]: Loading tweak class name cpw.mods.fml.common.launcher.FMLTweaker
[16:33:14] [main/INFO] [LaunchWrapper]: Using primary tweak class name cpw.mods.fml.common.launcher.FMLTweaker
[16:33:14] [main/INFO] [LaunchWrapper]: Calling tweak class cpw.mods.fml.common.launcher.FMLTweaker
[19:28:54] [main/INFO] [GradleStart]: No arguments specified, assuming client.
[19:28:54] [main/INFO] [GradleStart]: Extra: []
[19:28:54] [main/INFO] [GradleStart]: Setting up virtual assets in: C:\Users\Gonçalo\.gradle\caches\minecraft\assets\virtual\legacy
[19:30:01] [main/INFO] [GradleStart]: Running with arguments: [--userProperties, {}, --assetsDir, C:\Users\Gonçalo\.gradle\caches\minecraft\assets\virtual\legacy, --assetIndex, legacy, --accessToken, {REDACTED}, --version, 1.7.2, --tweakClass, cpw.mods.fml.common.launcher.FMLTweaker, --username, ForgeDevName]
[19:30:02] [main/INFO] [LaunchWrapper]: Loading tweak class name cpw.mods.fml.common.launcher.FMLTweaker
[19:30:02] [main/INFO] [LaunchWrapper]: Using primary tweak class name cpw.mods.fml.common.launcher.FMLTweaker
[19:30:02] [main/INFO] [LaunchWrapper]: Calling tweak class cpw.mods.fml.common.launcher.FMLTweaker
[19:32:53] [main/INFO] [GradleStart]: No arguments specified, assuming client.
[19:32:53] [main/INFO] [GradleStart]: Extra: []
[19:32:53] [main/INFO] [GradleStart]: Setting up virtual assets in: C:\Users\Gonçalo\.gradle\caches\minecraft\assets\virtual\legacy
[19:32:59] [main/INFO] [GradleStart]: Running with arguments: [--userProperties, {}, --assetsDir, C:\Users\Gonçalo\.gradle\caches\minecraft\assets\virtual\legacy, --assetIndex, legacy, --accessToken, {REDACTED}, --version, 1.7.2, --tweakClass, cpw.mods.fml.common.launcher.FMLTweaker, --username, ForgeDevName]
[19:32:59] [main/INFO] [LaunchWrapper]: Loading tweak class name cpw.mods.fml.common.launcher.FMLTweaker
[19:32:59] [main/INFO] [LaunchWrapper]: Using primary tweak class name cpw.mods.fml.common.launcher.FMLTweaker
[19:32:59] [main/INFO] [LaunchWrapper]: Calling tweak class cpw.mods.fml.common.launcher.FMLTweaker
[19:35:21] [main/INFO] [GradleStart]: No arguments specified, assuming client.
[19:35:21] [main/INFO] [GradleStart]: Extra: []
[19:35:21] [main/INFO] [GradleStart]: Setting up virtual assets in: C:\Users\Gonçalo\.gradle\caches\minecraft\assets\virtual\legacy
[19:35:23] [main/INFO] [GradleStart]: Running with arguments: [--userProperties, {}, --assetsDir, C:\Users\Gonçalo\.gradle\caches\minecraft\assets\virtual\legacy, --assetIndex, legacy, --accessToken, {REDACTED}, --version, 1.7.2, --tweakClass, cpw.mods.fml.common.launcher.FMLTweaker, --username, ForgeDevName]
[19:35:23] [main/INFO] [LaunchWrapper]: Loading tweak class name cpw.mods.fml.common.launcher.FMLTweaker
[19:35:23] [main/INFO] [LaunchWrapper]: Using primary tweak class name cpw.mods.fml.common.launcher.FMLTweaker
[19:35:23] [main/INFO] [LaunchWrapper]: Calling tweak class cpw.mods.fml.common.launcher.FMLTweaker
[19:40:27] [main/INFO] [GradleStart]: No arguments specified, assuming client.
[19:40:27] [main/INFO] [GradleStart]: Extra: []
[19:40:28] [main/INFO] [GradleStart]: Setting up virtual assets in: C:\Users\Gonçalo\.gradle\caches\minecraft\assets\virtual\legacy
[19:40:30] [main/INFO] [GradleStart]: Running with arguments: [--userProperties, {}, --assetsDir, C:\Users\Gonçalo\.gradle\caches\minecraft\assets\virtual\legacy, --assetIndex, legacy, --accessToken, {REDACTED}, --version, 1.7.2, --tweakClass, cpw.mods.fml.common.launcher.FMLTweaker, --username, ForgeDevName]
[19:40:30] [main/INFO] [LaunchWrapper]: Loading tweak class name cpw.mods.fml.common.launcher.FMLTweaker
[19:40:30] [main/INFO] [LaunchWrapper]: Using primary tweak class name cpw.mods.fml.common.launcher.FMLTweaker
[19:40:30] [main/INFO] [LaunchWrapper]: Calling tweak class cpw.mods.fml.common.launcher.FMLTweaker
[19:44:17] [main/INFO] [GradleStart]: No arguments specified, assuming client.
[19:44:17] [main/INFO] [GradleStart]: Extra: []
[19:44:17] [main/INFO] [GradleStart]: Setting up virtual assets in: C:\Users\Gonçalo\.gradle\caches\minecraft\assets\virtual\legacy
[19:44:21] [main/INFO] [GradleStart]: Running with arguments: [--userProperties, {}, --assetsDir, C:\Users\Gonçalo\.gradle\caches\minecraft\assets\virtual\legacy, --assetIndex, legacy, --accessToken, {REDACTED}, --version, 1.7.2, --tweakClass, cpw.mods.fml.common.launcher.FMLTweaker, --username, ForgeDevName]
[19:44:21] [main/INFO] [LaunchWrapper]: Loading tweak class name cpw.mods.fml.common.launcher.FMLTweaker
[19:44:21] [main/INFO] [LaunchWrapper]: Using primary tweak class name cpw.mods.fml.common.launcher.FMLTweaker
[19:44:21] [main/INFO] [LaunchWrapper]: Calling tweak class cpw.mods.fml.common.launcher.FMLTweaker
[19:47:12] [main/INFO] [GradleStart]: No arguments specified, assuming client.
[19:47:12] [main/INFO] [GradleStart]: Extra: []
[19:47:12] [main/INFO] [GradleStart]: Setting up virtual assets in: C:\Users\Gonçalo\.gradle\caches\minecraft\assets\virtual\legacy
[19:47:15] [main/INFO] [GradleStart]: Running with arguments: [--userProperties, {}, --assetsDir, C:\Users\Gonçalo\.gradle\caches\minecraft\assets\virtual\legacy, --assetIndex, legacy, --accessToken, {REDACTED}, --version, 1.7.2, --tweakClass, cpw.mods.fml.common.launcher.FMLTweaker, --username, ForgeDevName]
[19:47:15] [main/INFO] [LaunchWrapper]: Loading tweak class name cpw.mods.fml.common.launcher.FMLTweaker
[19:47:15] [main/INFO] [LaunchWrapper]: Using primary tweak class name cpw.mods.fml.common.launcher.FMLTweaker
[19:47:15] [main/INFO] [LaunchWrapper]: Calling tweak class cpw.mods.fml.common.launcher.FMLTweaker
[19:56:33] [main/INFO] [GradleStart]: No arguments specified, assuming client.
[19:56:33] [main/INFO] [GradleStart]: Extra: []
[19:56:33] [main/INFO] [GradleStart]: Setting up virtual assets in: C:\Users\Gonçalo\.gradle\caches\minecraft\assets\virtual\legacy
[19:56:36] [main/INFO] [GradleStart]: Running with arguments: [--userProperties, {}, --assetsDir, C:\Users\Gonçalo\.gradle\caches\minecraft\assets\virtual\legacy, --assetIndex, legacy, --accessToken, {REDACTED}, --version, 1.7.2, --tweakClass, cpw.mods.fml.common.launcher.FMLTweaker, --username, ForgeDevName]
[19:56:36] [main/INFO] [LaunchWrapper]: Loading tweak class name cpw.mods.fml.common.launcher.FMLTweaker
[19:56:36] [main/INFO] [LaunchWrapper]: Using primary tweak class name cpw.mods.fml.common.launcher.FMLTweaker
[19:56:36] [main/INFO] [LaunchWrapper]: Calling tweak class cpw.mods.fml.common.launcher.FMLTweaker
[19:58:21] [main/INFO] [GradleStart]: No arguments specified, assuming client.
[19:58:21] [main/INFO] [GradleStart]: Extra: []
[19:58:21] [main/INFO] [GradleStart]: Setting up virtual assets in: C:\Users\Gonçalo\.gradle\caches\minecraft\assets\virtual\legacy
[19:58:24] [main/INFO] [GradleStart]: Running with arguments: [--userProperties, {}, --assetsDir, C:\Users\Gonçalo\.gradle\caches\minecraft\assets\virtual\legacy, --assetIndex, legacy, --accessToken, {REDACTED}, --version, 1.7.2, --tweakClass, cpw.mods.fml.common.launcher.FMLTweaker, --username, ForgeDevName]
[19:58:24] [main/INFO] [LaunchWrapper]: Loading tweak class name cpw.mods.fml.common.launcher.FMLTweaker
[19:58:24] [main/INFO] [LaunchWrapper]: Using primary tweak class name cpw.mods.fml.common.launcher.FMLTweaker
[19:58:24] [main/INFO] [LaunchWrapper]: Calling tweak class cpw.mods.fml.common.launcher.FMLTweaker
[21:53:39] [main/INFO] [GradleStart]: No arguments specified, assuming client.
[21:53:39] [main/INFO] [GradleStart]: Extra: []
[21:53:39] [main/INFO] [GradleStart]: Setting up virtual assets in: C:\Users\Gonçalo\.gradle\caches\minecraft\assets\virtual\legacy
[21:53:56] [main/INFO] [GradleStart]: Running with arguments: [--userProperties, {}, --username, ForgeDevName, --tweakClass, cpw.mods.fml.common.launcher.FMLTweaker, --accessToken, {REDACTED}, --assetIndex, legacy, --assetsDir, C:\Users\Gonçalo\.gradle\caches\minecraft\assets\virtual\legacy, --version, 1.7.2]
[21:53:56] [main/INFO] [LaunchWrapper]: Loading tweak class name cpw.mods.fml.common.launcher.FMLTweaker
[21:53:56] [main/INFO] [LaunchWrapper]: Using primary tweak class name cpw.mods.fml.common.launcher.FMLTweaker
[21:53:56] [main/INFO] [LaunchWrapper]: Calling tweak class cpw.mods.fml.common.launcher.FMLTweaker
[22:36:50] [main/INFO] [GradleStart]: No arguments specified, assuming client.
[22:36:50] [main/INFO] [GradleStart]: Extra: []
[22:36:50] [main/INFO] [GradleStart]: Setting up virtual assets in: C:\Users\Gonçalo\.gradle\caches\minecraft\assets\virtual\legacy
[22:36:57] [main/INFO] [GradleStart]: Running with arguments: [--userProperties, {}, --username, ForgeDevName, --tweakClass, cpw.mods.fml.common.launcher.FMLTweaker, --accessToken, {REDACTED}, --assetIndex, legacy, --assetsDir, C:\Users\Gonçalo\.gradle\caches\minecraft\assets\virtual\legacy, --version, 1.7.2]
[22:36:57] [main/INFO] [LaunchWrapper]: Loading tweak class name cpw.mods.fml.common.launcher.FMLTweaker
[22:36:57] [main/INFO] [LaunchWrapper]: Using primary tweak class name cpw.mods.fml.common.launcher.FMLTweaker
[22:36:57] [main/INFO] [LaunchWrapper]: Calling tweak class cpw.mods.fml.common.launcher.FMLTweaker
[23:06:10] [main/INFO] [GradleStart]: No arguments specified, assuming client.
[23:06:10] [main/INFO] [GradleStart]: Extra: []
[23:06:11] [main/INFO] [GradleStart]: Setting up virtual assets in: C:\Users\Gonçalo\.gradle\caches\minecraft\assets\virtual\legacy
[23:06:25] [main/INFO] [GradleStart]: Running with arguments: [--userProperties, {}, --username, ForgeDevName, --tweakClass, cpw.mods.fml.common.launcher.FMLTweaker, --accessToken, {REDACTED}, --assetIndex, legacy, --assetsDir, C:\Users\Gonçalo\.gradle\caches\minecraft\assets\virtual\legacy, --version, 1.7.2]
[23:06:25] [main/INFO] [LaunchWrapper]: Loading tweak class name cpw.mods.fml.common.launcher.FMLTweaker
[23:06:25] [main/INFO] [LaunchWrapper]: Using primary tweak class name cpw.mods.fml.common.launcher.FMLTweaker
[23:06:25] [main/INFO] [LaunchWrapper]: Calling tweak class cpw.mods.fml.common.launcher.FMLTweaker
[23:13:58] [main/INFO] [GradleStart]: No arguments specified, assuming client.
[23:13:58] [main/INFO] [GradleStart]: Extra: []
[23:13:58] [main/INFO] [GradleStart]: Setting up virtual assets in: C:\Users\Gonçalo\.gradle\caches\minecraft\assets\virtual\legacy
[23:14:04] [main/INFO] [GradleStart]: Running with arguments: [--userProperties, {}, --username, ForgeDevName, --tweakClass, cpw.mods.fml.common.launcher.FMLTweaker, --accessToken, {REDACTED}, --assetIndex, legacy, --assetsDir, C:\Users\Gonçalo\.gradle\caches\minecraft\assets\virtual\legacy, --version, 1.7.2]
[23:14:04] [main/INFO] [LaunchWrapper]: Loading tweak class name cpw.mods.fml.common.launcher.FMLTweaker
[23:14:04] [main/INFO] [LaunchWrapper]: Using primary tweak class name cpw.mods.fml.common.launcher.FMLTweaker
[23:14:04] [main/INFO] [LaunchWrapper]: Calling tweak class cpw.mods.fml.common.launcher.FMLTweaker
[23:19:12] [main/INFO] [GradleStart]: No arguments specified, assuming client.
[23:19:12] [main/INFO] [GradleStart]: Extra: []
[23:19:12] [main/INFO] [GradleStart]: Setting up virtual assets in: C:\Users\Gonçalo\.gradle\caches\minecraft\assets\virtual\legacy
[23:19:18] [main/INFO] [GradleStart]: Running with arguments: [--userProperties, {}, --username, ForgeDevName, --tweakClass, cpw.mods.fml.common.launcher.FMLTweaker, --accessToken, {REDACTED}, --assetIndex, legacy, --assetsDir, C:\Users\Gonçalo\.gradle\caches\minecraft\assets\virtual\legacy, --version, 1.7.2]
[23:19:18] [main/INFO] [LaunchWrapper]: Loading tweak class name cpw.mods.fml.common.launcher.FMLTweaker
[23:19:18] [main/INFO] [LaunchWrapper]: Using primary tweak class name cpw.mods.fml.common.launcher.FMLTweaker
[23:19:18] [main/INFO] [LaunchWrapper]: Calling tweak class cpw.mods.fml.common.launcher.FMLTweaker
[23:25:36] [main/INFO] [GradleStart]: No arguments specified, assuming client.
[23:25:36] [main/INFO] [GradleStart]: Extra: []
[23:25:36] [main/INFO] [GradleStart]: Setting up virtual assets in: C:\Users\Gonçalo\.gradle\caches\minecraft\assets\virtual\legacy
[23:25:43] [main/INFO] [GradleStart]: Running with arguments: [--userProperties, {}, --username, ForgeDevName, --tweakClass, cpw.mods.fml.common.launcher.FMLTweaker, --accessToken, {REDACTED}, --assetIndex, legacy, --assetsDir, C:\Users\Gonçalo\.gradle\caches\minecraft\assets\virtual\legacy, --version, 1.7.2]
[23:25:43] [main/INFO] [LaunchWrapper]: Loading tweak class name cpw.mods.fml.common.launcher.FMLTweaker
[23:25:43] [main/INFO] [LaunchWrapper]: Using primary tweak class name cpw.mods.fml.common.launcher.FMLTweaker
[23:25:43] [main/INFO] [LaunchWrapper]: Calling tweak class cpw.mods.fml.common.launcher.FMLTweaker
[23:27:40] [main/INFO] [GradleStart]: No arguments specified, assuming client.
[23:27:40] [main/INFO] [GradleStart]: Extra: []
[23:27:40] [main/INFO] [GradleStart]: Setting up virtual assets in: C:\Users\Gonçalo\.gradle\caches\minecraft\assets\virtual\legacy
[23:27:46] [main/INFO] [GradleStart]: Running with arguments: [--userProperties, {}, --username, ForgeDevName, --tweakClass, cpw.mods.fml.common.launcher.FMLTweaker, --accessToken, {REDACTED}, --assetIndex, legacy, --assetsDir, C:\Users\Gonçalo\.gradle\caches\minecraft\assets\virtual\legacy, --version, 1.7.2]
[23:27:47] [main/INFO] [LaunchWrapper]: Loading tweak class name cpw.mods.fml.common.launcher.FMLTweaker
[23:27:47] [main/INFO] [LaunchWrapper]: Using primary tweak class name cpw.mods.fml.common.launcher.FMLTweaker
[23:27:47] [main/INFO] [LaunchWrapper]: Calling tweak class cpw.mods.fml.common.launcher.FMLTweaker
[23:29:10] [main/INFO] [GradleStart]: No arguments specified, assuming client.
[23:29:10] [main/INFO] [GradleStart]: Extra: []
[23:29:10] [main/INFO] [GradleStart]: Setting up virtual assets in: C:\Users\Gonçalo\.gradle\caches\minecraft\assets\virtual\legacy
[23:29:18] [main/INFO] [GradleStart]: Running with arguments: [--userProperties, {}, --username, ForgeDevName, --tweakClass, cpw.mods.fml.common.launcher.FMLTweaker, --accessToken, {REDACTED}, --assetIndex, legacy, --assetsDir, C:\Users\Gonçalo\.gradle\caches\minecraft\assets\virtual\legacy, --version, 1.7.2]
[23:29:18] [main/INFO] [LaunchWrapper]: Loading tweak class name cpw.mods.fml.common.launcher.FMLTweaker
[23:29:18] [main/INFO] [LaunchWrapper]: Using primary tweak class name cpw.mods.fml.common.launcher.FMLTweaker
[23:29:18] [main/INFO] [LaunchWrapper]: Calling tweak class cpw.mods.fml.common.launcher.FMLTweaker
[21:01:53] [main/INFO] [GradleStart]: No arguments specified, assuming client.
[21:01:53] [main/INFO] [GradleStart]: Extra: []
[21:01:53] [main/INFO] [GradleStart]: Setting up virtual assets in: C:\Users\Gonçalo\.gradle\caches\minecraft\assets\virtual\legacy
[21:02:03] [main/INFO] [GradleStart]: Running with arguments: [--userProperties, {}, --username, ForgeDevName, --tweakClass, cpw.mods.fml.common.launcher.FMLTweaker, --accessToken, {REDACTED}, --assetIndex, legacy, --assetsDir, C:\Users\Gonçalo\.gradle\caches\minecraft\assets\virtual\legacy, --version, 1.7.2]
[21:02:03] [main/INFO] [LaunchWrapper]: Loading tweak class name cpw.mods.fml.common.launcher.FMLTweaker
[21:02:03] [main/INFO] [LaunchWrapper]: Using primary tweak class name cpw.mods.fml.common.launcher.FMLTweaker
[21:02:03] [main/INFO] [LaunchWrapper]: Calling tweak class cpw.mods.fml.common.launcher.FMLTweaker
[21:04:27] [main/INFO] [GradleStart]: No arguments specified, assuming client.
[21:04:27] [main/INFO] [GradleStart]: Extra: []
[21:04:27] [main/INFO] [GradleStart]: Setting up virtual assets in: C:\Users\Gonçalo\.gradle\caches\minecraft\assets\virtual\legacy
[21:04:31] [main/INFO] [GradleStart]: Running with arguments: [--userProperties, {}, --username, ForgeDevName, --tweakClass, cpw.mods.fml.common.launcher.FMLTweaker, --accessToken, {REDACTED}, --assetIndex, legacy, --assetsDir, C:\Users\Gonçalo\.gradle\caches\minecraft\assets\virtual\legacy, --version, 1.7.2]
[21:04:31] [main/INFO] [LaunchWrapper]: Loading tweak class name cpw.mods.fml.common.launcher.FMLTweaker
[21:04:31] [main/INFO] [LaunchWrapper]: Using primary tweak class name cpw.mods.fml.common.launcher.FMLTweaker
[21:04:31] [main/INFO] [LaunchWrapper]: Calling tweak class cpw.mods.fml.common.launcher.FMLTweaker
